<?xml version="1.0" encoding="UTF-8"?>
<!-- Generated by org.testng.reporters.JUnitReportReporter -->
<testsuite hostname="NasDean" failures="0" tests="1" name="SeleniumFramework.validateNavigationBar" time="0.110" errors="0" timestamp="2022-08-24T22:28:28 MYT" skipped="0">
  <testcase classname="SeleniumFramework.validateNavigationBar" name="validateNavigationBar" time="0.110"/>
  <system-out/>
</testsuite> <!-- SeleniumFramework.validateNavigationBar -->
