<?xml version="1.0" encoding="UTF-8"?>
<!-- Generated by org.testng.reporters.JUnitReportReporter -->
<testsuite hostname="NasDean" failures="0" tests="2" name="SeleniumFramework.HomePage" time="9.179" errors="0" timestamp="2022-10-24T22:19:30 MYT" skipped="0">
  <testcase classname="SeleniumFramework.HomePage" name="HomePage" time="3.952"/>
  <system-out/>
  <testcase classname="SeleniumFramework.HomePage" name="HomePage" time="5.227"/>
  <system-out/>
</testsuite> <!-- SeleniumFramework.HomePage -->
